# pfam_scan.pl,  run at Sun Jul 13 11:08:52 2025
#
# Copyright (c) 2009 Genome Research Ltd
# Freely distributed under the GNU 
# General Public License
#
# Authors: Jaina Mistry (jaina@ebi.ac.uk), 
#          Rob Finn (rdf@ebi.ac.uk)
#
# This is free software; you can redistribute it and/or modify it under
# the terms of the GNU General Public License as published by the Free Software
# Foundation; either version 2 of the License, or (at your option) any later version.
# This program is distributed in the hope that it will be useful, but WITHOUT
# ANY WARRANTY; without even the implied warranty of MERCHANTABILITY or FITNESS
# FOR A PARTICULAR PURPOSE. See the GNU General Public License for more
# details.
#
# You should have received a copy of the GNU General Public License along with
# this program. If not, see <http://www.gnu.org/licenses/>. 
# = = = = = = = = = = = = = = = = = = = = = = = = = = = = = = = = = = = = = = = =
#      query sequence file: all.ID.pep.select.pep.fasta
#     cpu number specified: 30
#        searching against: /data/Liu/LiuYue/Evolution/Pfam//Pfam-A.hmm, with cut off --cut_ga
#    resolve clan overlaps: on
#     predict active sites: off
# = = = = = = = = = = = = = = = = = = = = = = = = = = = = = = = = = = = = = = = =
#
# <seq id> <alignment start> <alignment end> <envelope start> <envelope end> <hmm acc> <hmm name> <type> <hmm start> <hmm end> <hmm length> <bit score> <E-value> <significance> <clan>

Sobic.010G133100.1.p     78    445     60    445 PF00854.25  PTR2              Family    30   392   392    243.8   3.1e-72   1 CL0015   
Sobic.010G214600.1.p    170    583    169    584 PF00654.24  Voltage_CLC       Family     2   345   346    244.8   1.5e-72   1 No_clan  
Sobic.010G209800.1.p    185    358    181    359 PF03352.17  Adenine_glyco     Family     3   176   177    211.6   8.4e-63   1 No_clan  
Sobic.010G175900.2.p    100    556     98    557 PF00854.25  PTR2              Family     3   391   392    347.9  7.4e-104   1 CL0015   
Sobic.010G127800.1.p     88    524     88    544 PF00854.25  PTR2              Family     1   385   392    283.6   2.6e-84   1 CL0015   
Sobic.010G099700.1.p     89    492     88    496 PF00854.25  PTR2              Family     2   388   392    242.5   7.9e-72   1 CL0015   
Sobic.010G276100.1.p      7    223      7    235 PF00083.28  Sugar_tr          Family     1   229   452    171.1   4.4e-50   1 CL0015   
Sobic.010G276100.1.p    526    746    498    749 PF00083.28  Sugar_tr          Family   239   449   452    152.4     2e-44   1 CL0015   
Sobic.010G166850.1.p      2    127      1    127 PF00854.25  PTR2              Family   270   392   392     48.4   7.1e-13   1 CL0015   
Sobic.010G109200.1.p     85    526     85    535 PF00854.25  PTR2              Family     1   383   392    285.7   6.1e-85   1 CL0015   
Sobic.003G371400.1.p     95    475     95    481 PF00854.25  PTR2              Family     1   385   392    218.6   1.4e-64   1 CL0015   
Sobic.003G304000.1.p     94    524     94    524 PF00854.25  PTR2              Family     1   392   392    231.4   1.8e-68   1 CL0015   
Sobic.003G371600.2.p     66    223     60    238 PF00854.25  PTR2              Family     7   150   392     94.6   6.3e-27   1 CL0015   
Sobic.003G371600.2.p    245    438    243    444 PF00854.25  PTR2              Family   202   385   392    127.1   8.8e-37   1 CL0015   
Sobic.003G399200.1.p     37    122     18    126 PF00854.25  PTR2              Family    23   108   392     36.1   3.7e-09   1 CL0015   
Sobic.003G295500.1.p    122    553    122    561 PF00854.25  PTR2              Family     1   385   392    273.8   2.4e-81   1 CL0015   
Sobic.003G304100.1.p     89    514     89    522 PF00854.25  PTR2              Family     1   383   392    231.4   1.8e-68   1 CL0015   
Sobic.003G107100.1.p    169    604    169    614 PF00854.25  PTR2              Family     1   384   392    268.7   8.8e-80   1 CL0015   
Sobic.003G371750.1.p     93    244     93    257 PF00854.25  PTR2              Family     1   137   392     86.5   1.9e-24   1 CL0015   
Sobic.003G371750.1.p    269    346    238    365 PF00854.25  PTR2              Family   190   264   392     42.2   5.5e-11   1 CL0015   
Sobic.003G185100.1.p    105    529    105    537 PF00854.25  PTR2              Family     1   383   392    330.8   1.2e-98   1 CL0015   
Sobic.003G005400.1.p     65    228     64    228 PF04043.19  PMEI              Domain     2   156   156     93.9   1.2e-26   1 No_clan  
Sobic.003G005400.1.p    284    578    284    579 PF01095.23  Pectinesterase    Repeat     1   297   298    414.9  1.4e-124   1 CL0268   
Sobic.003G371250.1.p     95    240     95    266 PF00854.25  PTR2              Family     1   142   392     78.1   6.5e-22   1 CL0015   
Sobic.003G371250.1.p    270    464    259    470 PF00854.25  PTR2              Family   201   385   392    107.6   7.2e-31   1 CL0015   
Sobic.003G325400.1.p    202    373    199    373 PF03352.17  Adenine_glyco     Family     4   177   177    215.0   7.8e-64   1 No_clan  
Sobic.003G371100.1.p    108    478    108    484 PF00854.25  PTR2              Family     1   385   392    281.6     1e-83   1 CL0015   
Sobic.003G076200.2.p     97    531     97    531 PF00854.25  PTR2              Family     1   392   392    410.9  5.6e-123   1 CL0015   
Sobic.003G148400.1.p     47    205     43    205 PF04043.19  PMEI              Domain     5   156   156     99.9   1.8e-28   1 No_clan  
Sobic.003G148400.1.p    265    562    265    562 PF01095.23  Pectinesterase    Repeat     1   298   298    484.9  6.4e-146   1 CL0268   
Sobic.003G392700.1.p     95    518     95    518 PF00854.25  PTR2              Family     1   392   392    340.2  1.6e-101   1 CL0015   
Sobic.009G148900.1.p    112    516    112    526 PF00854.25  PTR2              Family     1   384   392    297.0   2.2e-88   1 CL0015   
Sobic.009G136700.1.p     93    528     93    538 PF00854.25  PTR2              Family     1   383   392    288.2     1e-85   1 CL0015   
Sobic.009G136500.1.p    117    556    117    578 PF00854.25  PTR2              Family     1   384   392    297.4   1.6e-88   1 CL0015   
Sobic.009G148800.1.p    177    585    177    586 PF00854.25  PTR2              Family     1   391   392    270.6   2.3e-80   1 CL0015   
Sobic.009G136800.1.p     89    525     89    536 PF00854.25  PTR2              Family     1   383   392    285.5   6.7e-85   1 CL0015   
Sobic.009G099000.1.p    109    536    106    546 PF00854.25  PTR2              Family     4   384   392    189.2   1.2e-55   1 CL0015   
Sobic.009G049900.4.p    165    247    165    250 PF00854.25  PTR2              Family     1    63   392     54.6   9.3e-15   1 CL0015   
Sobic.009G136600.1.p     93    537     93    550 PF00854.25  PTR2              Family     1   384   392    280.2   2.8e-83   1 CL0015   
Sobic.009G136900.1.p     96    524     96    533 PF00854.25  PTR2              Family     1   384   392    293.7   2.2e-87   1 CL0015   
Sobic.005G090600.1.p    106    485    106    492 PF00854.25  PTR2              Family     1   385   392    256.7   3.9e-76   1 CL0015   
Sobic.005G107400.1.p     33    461     33    463 PF00854.25  PTR2              Family     1   390   392    249.0   8.5e-74   1 CL0015   
Sobic.005G110466.1.p     98    516     89    516 PF00854.25  PTR2              Family    11   392   392    182.4   1.4e-53   1 CL0015   
Sobic.005G107500.1.p     91    508     91    517 PF00854.25  PTR2              Family     1   384   392    254.7   1.5e-75   1 CL0015   
Sobic.005G013300.1.p     68    167     65    167 PF02225.26  PA                Family     4    95    95     56.6   2.3e-15   1 CL0364   
Sobic.K022800.1.p        98    516     89    516 PF00854.25  PTR2              Family    11   392   392    182.4   1.4e-53   1 CL0015   
Sobic.008G081400.1.p     90    500     90    509 PF00854.25  PTR2              Family     1   384   392    256.2   5.6e-76   1 CL0015   
Sobic.008G081200.1.p     90    502     90    505 PF00854.25  PTR2              Family     1   389   392    249.1   7.9e-74   1 CL0015   
Sobic.008G081500.1.p     91    511     90    511 PF00854.25  PTR2              Family     2   392   392    235.6   9.4e-70   1 CL0015   
Sobic.008G190200.1.p    122    525    122    531 PF00854.25  PTR2              Family     1   383   392    268.2   1.2e-79   1 CL0015   
Sobic.008G180300.1.p    112    524    112    530 PF00854.25  PTR2              Family     1   383   392    270.2     3e-80   1 CL0015   
Sobic.004G099300.2.p      7    227      7    239 PF00083.28  Sugar_tr          Family     1   233   452    183.7   6.3e-54   1 CL0015   
Sobic.004G099300.2.p    496    734    475    734 PF00083.28  Sugar_tr          Family   222   452   452    148.5   3.2e-43   1 CL0015   
Sobic.004G276200.1.p    124    551    124    551 PF00854.25  PTR2              Family     1   392   392    291.4   1.1e-86   1 CL0015   
Sobic.004G243200.1.p     79    476     79    484 PF00854.25  PTR2              Family     1   385   392    253.7   3.2e-75   1 CL0015   
Sobic.004G260500.1.p    104    518    103    526 PF00854.25  PTR2              Family     2   384   392    323.2   2.4e-96   1 CL0015   
Sobic.004G188000.2.p     12    138     10    138 PF00125.28  Histone           Domain     6   127   127    165.9   5.4e-49   1 CL0012   
Sobic.004G193000.1.p    100    521    100    527 PF00854.25  PTR2              Family     1   383   392    332.8     3e-99   1 CL0015   
Sobic.004G129400.1.p     64    155     46    189 PF04043.19  PMEI              Domain    32   131   156     46.0   6.8e-12   1 No_clan  
Sobic.004G129400.1.p    243    545    243    546 PF01095.23  Pectinesterase    Repeat     1   297   298    422.1    9e-127   1 CL0268   
Sobic.007G044300.1.p    104    541    104    542 PF00854.25  PTR2              Family     1   391   392    367.3  9.6e-110   1 CL0015   
Sobic.007G081300.1.p    100    537    100    537 PF00854.25  PTR2              Family     1   392   392    250.8   2.3e-74   1 CL0015   
Sobic.007G213200.1.p     74    480     74    487 PF00854.25  PTR2              Family     1   384   392    283.2   3.4e-84   1 CL0015   
Sobic.007G064500.1.p     91    514     90    514 PF00854.25  PTR2              Family     2   392   392    250.0   4.2e-74   1 CL0015   
Sobic.007G160900.1.p     36    471     35    471 PF00854.25  PTR2              Family     2   392   392    185.7   1.3e-54   1 CL0015   
Sobic.007G181600.1.p     49    159     49    160 PF08240.16  ADH_N             Domain     1   108   109    114.5   2.2e-33   1 CL0296   
Sobic.007G181600.1.p    200    330    200    332 PF00107.30  ADH_zinc_N        Domain     1   127   129     98.0   4.5e-28   1 CL0063   
Sobic.001G350501.1.p    125    256    125    256 PF00125.28  Histone           Domain     1   127   127    169.7   3.7e-50   1 CL0012   
Sobic.001G032000.1.p    141    554    141    555 PF00854.25  PTR2              Family     1   391   392    266.6   3.7e-79   1 CL0015   
Sobic.001G302800.1.p    102    529    102    537 PF00854.25  PTR2              Family     1   385   392    362.0  3.9e-108   1 CL0015   
Sobic.001G276100.1.p    112    526    112    526 PF00854.25  PTR2              Family     1   392   392    369.8  1.7e-110   1 CL0015   
Sobic.001G443900.1.p    118    547    118    547 PF00854.25  PTR2              Family     1   392   392    408.9  2.2e-122   1 CL0015   
Sobic.001G475900.1.p     36    130     35    164 PF08240.16  ADH_N             Domain     2    94   109     82.0   2.8e-23   1 CL0296   
Sobic.001G475900.1.p    206    334    206    342 PF00107.30  ADH_zinc_N        Domain     1   121   129     87.4   8.3e-25   1 CL0063   
Sobic.001G444100.1.p    121    552    121    552 PF00854.25  PTR2              Family     1   392   392    421.2  4.1e-126   1 CL0015   
Sobic.001G276600.1.p    123    535    122    535 PF00854.25  PTR2              Family     2   392   392    300.4   2.1e-89   1 CL0015   
Sobic.001G282000.1.p    140    555    140    565 PF00854.25  PTR2              Family     1   384   392    305.3   6.5e-91   1 CL0015   
Sobic.001G276700.1.p    118    538    117    539 PF00854.25  PTR2              Family     2   391   392    303.1   3.1e-90   1 CL0015   
Sobic.001G133900.1.p    118    546    115    553 PF00854.25  PTR2              Family     4   384   392    271.6   1.1e-80   1 CL0015   
Sobic.001G223100.2.p    128    563    128    563 PF00854.25  PTR2              Family     1   392   392    338.4  5.8e-101   1 CL0015   
Sobic.001G312900.1.p      7    225      7    237 PF00083.28  Sugar_tr          Family     1   231   452    174.5     4e-51   1 CL0015   
Sobic.001G312900.1.p    504    727    469    727 PF00083.28  Sugar_tr          Family   239   452   452    141.0   5.7e-41   1 CL0015   
Sobic.001G275500.2.p    114    528    114    528 PF00854.25  PTR2              Family     1   392   392    298.0   1.1e-88   1 CL0015   
Sobic.001G111150.1.p    117    548    117    548 PF00854.25  PTR2              Family     1   392   392    437.6  4.3e-131   1 CL0015   
Sobic.001G223200.1.p    100    521    100    529 PF00854.25  PTR2              Family     1   385   392    316.7   2.2e-94   1 CL0015   
Sobic.001G381200.1.p     88    162     63    162 PF02225.26  PA                Family    28    95    95     56.2   3.2e-15   1 CL0364   
Sobic.001G282100.1.p    104    525    104    525 PF00854.25  PTR2              Family     1   392   392    321.7   6.7e-96   1 CL0015   
Sobic.001G276400.1.p    112    531    112    531 PF00854.25  PTR2              Family     1   392   392    370.5    1e-110   1 CL0015   
Sobic.001G099400.1.p     90    536     90    542 PF00854.25  PTR2              Family     1   384   392    227.4   3.1e-67   1 CL0015   
Sobic.001G541900.2.p    111    548    111    548 PF00854.25  PTR2              Family     1   392   392    340.6  1.3e-101   1 CL0015   
Sobic.001G276800.1.p    176    598    175    598 PF00854.25  PTR2              Family     2   392   392    290.9   1.5e-86   1 CL0015   
Sobic.001G276300.1.p    113    533    113    533 PF00854.25  PTR2              Family     1   392   392    365.4  3.8e-109   1 CL0015   
Sobic.001G275600.2.p    113    526    113    528 PF00854.25  PTR2              Family     1   383   392    292.3   5.8e-87   1 CL0015   
Sobic.001G444000.1.p    110    526    108    526 PF00854.25  PTR2              Family     3   392   392    348.5    5e-104   1 CL0015   
Sobic.001G511000.2.p    123    550    123    559 PF00854.25  PTR2              Family     1   385   392    336.6    2e-100   1 CL0015   
Sobic.001G275800.1.p    150    560    150    569 PF00854.25  PTR2              Family     1   384   392    345.5  4.2e-103   1 CL0015   
Sobic.006G090500.2.p    171    584    169    585 PF00654.24  Voltage_CLC       Family     2   345   346    269.1   6.6e-80   1 No_clan  
Sobic.006G090500.2.p    733    783    729    785 PF00571.32  CBS               Domain     5    52    57     23.5   6.1e-05   1 No_clan  
Sobic.006G201200.1.p    104    524    104    533 PF00854.25  PTR2              Family     1   385   392    288.7   7.1e-86   1 CL0015   
Sobic.006G100600.1.p      1    132      1    132 PF00125.28  Histone           Domain     1   127   127    172.5   4.7e-51   1 CL0012   
Sobic.006G089300.1.p     96    526     96    527 PF00854.25  PTR2              Family     1   391   392    281.0   1.6e-83   1 CL0015   
Sobic.006G201100.1.p    117    547    117    548 PF00854.25  PTR2              Family     1   391   392    270.7   2.1e-80   1 CL0015   
Sobic.006G130700.1.p     92    482     91    490 PF00854.25  PTR2              Family     2   385   392    184.9   2.5e-54   1 CL0015   
Sobic.006G130600.2.p    106    502     90    509 PF00854.25  PTR2              Family    12   385   392    256.2   5.3e-76   1 CL0015   
Sobic.006G137300.1.p    159    333    156    334 PF03352.17  Adenine_glyco     Family     2   176   177    215.9   4.1e-64   1 No_clan  
Sobic.006G130400.1.p    122    535    121    535 PF00854.25  PTR2              Family     2   392   392    262.4   7.2e-78   1 CL0015   
Sobic.006G130501.1.p     91    504     90    504 PF00854.25  PTR2              Family     2   392   392    269.8   3.9e-80   1 CL0015   
Sobic.006G251200.1.p    129    566    129    572 PF00854.25  PTR2              Family     1   386   392    242.8   6.3e-72   1 CL0015   
Sobic.006G155200.1.p     91    526     90    527 PF00854.25  PTR2              Family     2   391   392    253.2   4.3e-75   1 CL0015   
Sobic.006G279700.1.p    118    283    117    297 PF00854.25  PTR2              Family     2   132   392    108.9   2.9e-31   1 CL0015   
Sobic.006G279700.1.p    313    521    300    522 PF00854.25  PTR2              Family   190   391   392    128.4   3.5e-37   1 CL0015   
Sobic.006G238600.1.p    174    587    171    587 PF00654.24  Voltage_CLC       Family     3   346   346    265.3   9.3e-79   1 No_clan  
Sobic.006G238600.1.p    735    784    729    786 PF00571.32  CBS               Domain     6    52    57     23.5   5.9e-05   1 No_clan  
Sobic.002G000800.2.p    100    534    100    534 PF00854.25  PTR2              Family     1   392   392    399.9  1.2e-119   1 CL0015   
Sobic.002G367700.1.p    110    526    110    530 PF00854.25  PTR2              Family     1   388   392    287.3   1.9e-85   1 CL0015   
Sobic.002G379200.1.p     37    164     36    165 PF08240.16  ADH_N             Domain     2   108   109     82.2   2.5e-23   1 CL0296   
Sobic.002G379200.1.p    212    339    212    349 PF00107.30  ADH_zinc_N        Domain     1   118   129     98.1   4.1e-28   1 CL0063   
Sobic.002G418300.1.p     68    167     66    167 PF02225.26  PA                Family     3    95    95     52.2   5.5e-14   1 CL0364   
Sobic.002G064800.1.p    118    568    117    569 PF00854.25  PTR2              Family     2   391   392    267.7   1.8e-79   1 CL0015   
Sobic.002G091800.1.p    133    574    132    574 PF00854.25  PTR2              Family     2   392   392    259.4   5.9e-77   1 CL0015   
