# pfam_scan.pl,  run at Thu Jul 10 10:20:19 2025
#
# Copyright (c) 2009 Genome Research Ltd
# Freely distributed under the GNU 
# General Public License
#
# Authors: Jaina Mistry (jaina@ebi.ac.uk), 
#          Rob Finn (rdf@ebi.ac.uk)
#
# This is free software; you can redistribute it and/or modify it under
# the terms of the GNU General Public License as published by the Free Software
# Foundation; either version 2 of the License, or (at your option) any later version.
# This program is distributed in the hope that it will be useful, but WITHOUT
# ANY WARRANTY; without even the implied warranty of MERCHANTABILITY or FITNESS
# FOR A PARTICULAR PURPOSE. See the GNU General Public License for more
# details.
#
# You should have received a copy of the GNU General Public License along with
# this program. If not, see <http://www.gnu.org/licenses/>. 
# = = = = = = = = = = = = = = = = = = = = = = = = = = = = = = = = = = = = = = = =
#      query sequence file: inter.ID.fa
#     cpu number specified: 30
#        searching against: /data/Liu/LiuYue/Evolution/Pfam//Pfam-A.hmm, with cut off --cut_ga
#    resolve clan overlaps: on
#     predict active sites: off
# = = = = = = = = = = = = = = = = = = = = = = = = = = = = = = = = = = = = = = = =
#
# <seq id> <alignment start> <alignment end> <envelope start> <envelope end> <hmm acc> <hmm name> <type> <hmm start> <hmm end> <hmm length> <bit score> <E-value> <significance> <clan>

AT2G38100.1              62    410     62    457 PF00854.25  PTR2              Family     1   332   392    104.0   8.8e-30   1 CL0015   
AT2G02020.1             114    499    114    507 PF00854.25  PTR2              Family     1   383   392    402.8  1.6e-120   1 CL0015   
AT2G26690.1              96    521     96    521 PF00854.25  PTR2              Family     1   392   392    346.5    2e-103   1 CL0015   
AT2G40460.1              96    518     96    518 PF00854.25  PTR2              Family     1   392   392    394.1  7.1e-118   1 CL0015   
AT2G37900.1             110    528    110    529 PF00854.25  PTR2              Family     1   391   392    284.7   1.2e-84   1 CL0015   
AT2G02040.1             113    544    113    544 PF00854.25  PTR2              Family     1   392   392    478.4  1.7e-143   1 CL0015   
AT4G21680.1             101    536    100    536 PF00854.25  PTR2              Family     2   392   392    293.1   3.2e-87   1 CL0015   
AT1G69860.1              90    507     90    512 PF00854.25  PTR2              Family     1   386   392    242.3   8.9e-72   1 CL0015   
AT1G72120.1             101    506    101    515 PF00854.25  PTR2              Family     1   383   392    307.1   1.9e-91   1 CL0015   
AT1G27040.1             100    524     99    524 PF00854.25  PTR2              Family     2   392   392    409.0  2.1e-122   1 CL0015   
AT1G72140.1             106    514    106    515 PF00854.25  PTR2              Family     1   391   392    307.2   1.7e-91   1 CL0015   
AT1G72130.1              97    495     97    496 PF00854.25  PTR2              Family     1   391   392    290.1   2.8e-86   1 CL0015   
AT1G18880.1              92    524     91    529 PF00854.25  PTR2              Family     2   387   392    259.5   5.2e-77   1 CL0015   
AT1G68570.1              95    529     95    530 PF00854.25  PTR2              Family     1   391   392    329.2   3.7e-98   1 CL0015   
AT1G69870.1             123    548    123    557 PF00854.25  PTR2              Family     1   383   392    258.3   1.3e-76   1 CL0015   
AT1G22550.1             102    521    102    522 PF00854.25  PTR2              Family     1   391   392    296.1     4e-88   1 CL0015   
AT1G33440.1             110    526    110    532 PF00854.25  PTR2              Family     1   386   392    311.9   6.4e-93   1 CL0015   
AT1G69850.1              97    541     97    541 PF00854.25  PTR2              Family     1   392   392    374.4  6.9e-112   1 CL0015   
AT1G52190.1              93    532     93    532 PF00854.25  PTR2              Family     1   392   392    262.9   4.9e-78   1 CL0015   
AT1G27080.1              86    503     86    511 PF00854.25  PTR2              Family     1   384   392    259.2   6.8e-77   1 CL0015   
AT1G59740.1             113    538    113    539 PF00854.25  PTR2              Family     1   391   392    306.3   3.2e-91   1 CL0015   
AT1G12110.1              99    532     99    532 PF00854.25  PTR2              Family     1   392   392    417.1  7.2e-125   1 CL0015   
AT1G32450.1             109    540    109    547 PF00854.25  PTR2              Family     1   385   392    310.4   1.8e-92   1 CL0015   
AT1G72125.1             102    510    101    519 PF00854.25  PTR2              Family     2   383   392    309.8   2.8e-92   1 CL0015   
AT1G22570.1             102    522    102    525 PF00854.25  PTR2              Family     1   391   392    291.4   1.1e-86   1 CL0015   
AT1G22540.1             102    514    102    515 PF00854.25  PTR2              Family     1   391   392    310.9   1.3e-92   1 CL0015   
AT1G62200.1             124    550    124    550 PF00854.25  PTR2              Family     1   392   392    463.9  4.5e-139   1 CL0015   
AT3G45720.1              93    500     92    509 PF00854.25  PTR2              Family     3   383   392    233.0   6.2e-69   1 CL0015   
AT3G54140.1              96    526     96    526 PF00854.25  PTR2              Family     1   392   392    417.1  7.4e-125   1 CL0015   
AT3G53960.1             110    535    109    536 PF00854.25  PTR2              Family     2   391   392    284.6   1.2e-84   1 CL0015   
AT3G54450.1              84    499     84    506 PF00854.25  PTR2              Family     1   385   392    304.7   9.7e-91   1 CL0015   
AT3G45690.1              92    445     90    465 PF00854.25  PTR2              Family     3   334   392    192.0   1.8e-56   1 CL0015   
AT3G47960.1             135    566    133    571 PF00854.25  PTR2              Family     3   387   392    231.6   1.6e-68   1 CL0015   
AT3G01350.1              80    506     79    514 PF00854.25  PTR2              Family     2   385   392    240.1   4.2e-71   1 CL0015   
AT3G45680.1              94    503     92    511 PF00854.25  PTR2              Family     3   384   392    231.5   1.7e-68   1 CL0015   
AT3G45710.1              96    505     94    513 PF00854.25  PTR2              Family     4   384   392    229.7   6.2e-68   1 CL0015   
AT3G45700.1              90    493     88    501 PF00854.25  PTR2              Family     3   384   392    232.3   9.5e-69   1 CL0015   
AT3G25260.1              94    478     93    484 PF00854.25  PTR2              Family     2   383   392    261.7   1.2e-77   1 CL0015   
AT3G45650.1              96    503     94    512 PF00854.25  PTR2              Family     3   383   392    222.9   6.8e-66   1 CL0015   
AT3G25280.1              93    480     93    486 PF00854.25  PTR2              Family     1   385   392    274.5   1.4e-81   1 CL0015   
AT3G16180.1              95    530     95    531 PF00854.25  PTR2              Family     1   391   392    248.9   9.2e-74   1 CL0015   
AT3G45660.1              95    503     93    511 PF00854.25  PTR2              Family     3   384   392    223.3   5.3e-66   1 CL0015   
AT3G21670.1             101    517    101    529 PF00854.25  PTR2              Family     1   384   392    356.4    2e-106   1 CL0015   
AT5G46050.1             100    521     99    530 PF00854.25  PTR2              Family     2   385   392    330.5   1.4e-98   1 CL0015   
AT5G62680.1             117    548    115    555 PF00854.25  PTR2              Family     3   385   392    244.9   1.4e-72   1 CL0015   
AT5G01180.1              97    526     97    526 PF00854.25  PTR2              Family     1   392   392    406.9  8.8e-122   1 CL0015   
AT5G62730.1             132    540    128    547 PF00854.25  PTR2              Family     5   385   392    331.1   9.8e-99   1 CL0015   
AT5G28470.1              89    510     89    516 PF00854.25  PTR2              Family     1   385   392    218.3   1.8e-64   1 CL0015   
AT5G46040.1             100    521     99    529 PF00854.25  PTR2              Family     2   385   392    329.7   2.5e-98   1 CL0015   
AT5G19640.1             132    540    131    547 PF00854.25  PTR2              Family     2   386   392    279.7     4e-83   1 CL0015   
AT5G11570.1              88    229     85    237 PF00854.25  PTR2              Family     4   129   392     72.6   3.2e-20   1 CL0015   
AT5G11570.1             235    437    229    444 PF00854.25  PTR2              Family   185   383   392    110.1   1.3e-31   1 CL0015   
AT5G14940.1              80    503     79    504 PF00854.25  PTR2              Family     2   391   392    254.9   1.3e-75   1 CL0015   
AT5G13400.1             136    573    136    574 PF00854.25  PTR2              Family     1   391   392    252.3     8e-75   1 CL0015   
LOC_Os10g33210.1        107    532    107    540 PF00854.25  PTR2              Family     1   385   392    339.7  2.3e-101   1 CL0015   
LOC_Os10g40600.1        102    529    102    538 PF00854.25  PTR2              Family     1   384   392    350.4  1.3e-104   1 CL0015   
LOC_Os10g02340.1        108    506    107    516 PF00854.25  PTR2              Family     2   384   392    331.9   5.4e-99   1 CL0015   
LOC_Os10g42900.1         95    515     95    523 PF00854.25  PTR2              Family     1   385   392    288.4   9.1e-86   1 CL0015   
LOC_Os10g02100.1        118    524    117    533 PF00854.25  PTR2              Family     2   384   392    287.5   1.6e-85   1 CL0015   
LOC_Os10g05780.1         99    250     99    295 PF00854.25  PTR2              Family     1   129   392     86.8   1.5e-24   1 CL0015   
LOC_Os10g05780.1        306    502    302    511 PF00854.25  PTR2              Family   201   385   392    115.2   3.5e-33   1 CL0015   
LOC_Os10g42870.1         99    523     99    524 PF00854.25  PTR2              Family     1   391   392    318.3   7.5e-95   1 CL0015   
LOC_Os10g02260.1        111    536    111    536 PF00854.25  PTR2              Family     1   392   392    297.3   1.7e-88   1 CL0015   
LOC_Os10g22560.1        112    527    112    527 PF00854.25  PTR2              Family     1   392   392    354.0  1.1e-105   1 CL0015   
LOC_Os10g02210.1        112    527    112    527 PF00854.25  PTR2              Family     1   392   392    354.8  6.1e-106   1 CL0015   
LOC_Os10g02220.4        114    523    114    523 PF00854.25  PTR2              Family     1   392   392    334.8  7.2e-100   1 CL0015   
LOC_Os10g33170.1        101    528    101    537 PF00854.25  PTR2              Family     1   384   392    322.9   2.9e-96   1 CL0015   
LOC_Os10g02240.1        118    539    118    539 PF00854.25  PTR2              Family     1   392   392    333.1   2.3e-99   1 CL0015   
LOC_Os10g02080.1         73    475     73    475 PF00854.25  PTR2              Family     1   392   392    317.4   1.4e-94   1 CL0015   
LOC_Os08g41590.1         17    125      1    137 PF00854.25  PTR2              Family    29   130   392     72.6   3.2e-20   1 CL0015   
LOC_Os08g41590.1        141    324    129    333 PF00854.25  PTR2              Family   194   383   392     91.2   7.2e-26   1 CL0015   
LOC_Os08g05910.1        105    539    105    545 PF00854.25  PTR2              Family     1   387   392    369.6  1.9e-110   1 CL0015   
LOC_Os04g39030.1         98    521     98    527 PF00854.25  PTR2              Family     1   383   392    325.8   3.9e-97   1 CL0015   
LOC_Os04g50950.1        129    551    129    552 PF00854.25  PTR2              Family     1   391   392    296.6   2.8e-88   1 CL0015   
LOC_Os04g50940.1        108    533    108    534 PF00854.25  PTR2              Family     1   391   392    296.5     3e-88   1 CL0015   
LOC_Os04g36040.1        100    537    100    547 PF00854.25  PTR2              Family     1   385   392    268.6   9.5e-80   1 CL0015   
LOC_Os04g59480.1        106    231    103    241 PF00854.25  PTR2              Family     4   127   392     88.9   3.4e-25   1 CL0015   
LOC_Os04g59480.1        245    440    232    447 PF00854.25  PTR2              Family   191   385   392    136.2   1.5e-39   1 CL0015   
LOC_Os04g41450.1         91    503     90    504 PF00854.25  PTR2              Family     2   391   392    251.8   1.2e-74   1 CL0015   
LOC_Os04g56560.1        111    564    111    572 PF00854.25  PTR2              Family     1   385   392    243.5   3.9e-72   1 CL0015   
LOC_Os04g41410.1         35    422     34    431 PF00854.25  PTR2              Family    14   384   392    177.5   4.3e-52   1 CL0015   
LOC_Os04g50930.1        146    576    146    577 PF00854.25  PTR2              Family     1   391   392    262.4   7.1e-78   1 CL0015   
LOC_Os04g41400.1         91    506     90    516 PF00854.25  PTR2              Family     2   385   392    251.1   1.9e-74   1 CL0015   
LOC_Os07g01070.1         93    524     93    524 PF00854.25  PTR2              Family     1   392   392    392.0    3e-117   1 CL0015   
LOC_Os07g41250.1        213    633    213    635 PF00854.25  PTR2              Family     1   390   392    295.1   8.1e-88   1 CL0015   
LOC_Os07g21960.1        120    224    114    232 PF00854.25  PTR2              Family   249   358   392     37.9   1.1e-09   1 CL0015   
LOC_Os01g65210.1        105    494    105    498 PF00854.25  PTR2              Family     1   387   392    276.7   3.2e-82   1 CL0015   
LOC_Os01g65210.1        574    608    574    614 PF00786.32  PBD               Domain     1    37    59     27.8   2.6e-06   1 No_clan  
LOC_Os01g55610.1         88    520     88    528 PF00854.25  PTR2              Family     1   385   392    219.9   5.6e-65   1 CL0015   
LOC_Os01g01360.1        130    551    130    560 PF00854.25  PTR2              Family     1   385   392    273.0   4.4e-81   1 CL0015   
LOC_Os01g65190.1         95    267     95    287 PF00854.25  PTR2              Family     1   147   392     89.5   2.2e-25   1 CL0015   
LOC_Os01g65190.1        431    613    429    620 PF00854.25  PTR2              Family   210   384   392    118.7     3e-34   1 CL0015   
LOC_Os01g68510.1         96    532     96    532 PF00854.25  PTR2              Family     1   392   392    265.4   8.8e-79   1 CL0015   
LOC_Os01g37590.1        108    525    108    532 PF00854.25  PTR2              Family     1   384   392    331.3   8.6e-99   1 CL0015   
LOC_Os01g67630.1         95    516     95    516 PF00854.25  PTR2              Family     1   392   392    332.3   4.1e-99   1 CL0015   
LOC_Os01g65150.1         94    488     93    495 PF00854.25  PTR2              Family     2   384   392    199.2   1.1e-58   1 CL0015   
LOC_Os01g65169.1         93    498     93    499 PF00854.25  PTR2              Family     1   391   392    206.7     6e-61   1 CL0015   
LOC_Os01g65200.3         99    497     99    504 PF00854.25  PTR2              Family     1   384   392    285.0   9.5e-85   1 CL0015   
LOC_Os01g65100.1        106    273    106    287 PF00854.25  PTR2              Family     1   147   392    120.4   9.8e-35   1 CL0015   
LOC_Os01g65100.1        293    491    289    499 PF00854.25  PTR2              Family   195   385   392    159.9   9.8e-47   1 CL0015   
LOC_Os01g67640.1         54    204     54    229 PF00854.25  PTR2              Family     1   151   392    132.7   1.8e-38   1 CL0015   
LOC_Os01g67640.1        342    549    273    558 PF00854.25  PTR2              Family   169   380   392    161.0   4.6e-47   1 CL0015   
LOC_Os01g65140.1         83    293     77    299 PF00854.25  PTR2              Family   183   385   392    150.1   8.9e-44   1 CL0015   
LOC_Os01g55600.1         92    520     91    520 PF00854.25  PTR2              Family     2   392   392    228.7   1.2e-67   1 CL0015   
LOC_Os01g54515.1         40    468     40    477 PF00854.25  PTR2              Family     1   384   392    286.6   3.2e-85   1 CL0015   
LOC_Os01g04950.1         98    527     98    527 PF00854.25  PTR2              Family     1   392   392    404.6  4.5e-121   1 CL0015   
LOC_Os01g65110.1        108    481    108    489 PF00854.25  PTR2              Family     1   384   392    273.1   3.9e-81   1 CL0015   
LOC_Os01g65120.1        265    439    262    447 PF00854.25  PTR2              Family   221   380   392     99.3   2.4e-28   1 CL0015   
LOC_Os03g04570.1        112    533    112    542 PF00854.25  PTR2              Family     1   384   392    347.9  7.5e-104   1 CL0015   
LOC_Os03g13274.2        114    543    113    544 PF00854.25  PTR2              Family     2   391   392    345.9    3e-103   1 CL0015   
LOC_Os03g01290.1        116    532    116    539 PF00854.25  PTR2              Family     1   384   392    341.3  7.6e-102   1 CL0015   
LOC_Os03g13240.1        121    552    121    552 PF00854.25  PTR2              Family     1   392   392    408.6  2.8e-122   1 CL0015   
LOC_Os03g17770.1        153    290    146    299 PF00854.25  PTR2              Family   185   312   392     84.9   5.7e-24   1 CL0015   
LOC_Os03g48180.1        112    542    109    545 PF00854.25  PTR2              Family     4   389   392    270.3   2.7e-80   1 CL0015   
LOC_Os03g60850.1        110    516    110    521 PF00854.25  PTR2              Family     1   387   392    289.9   3.1e-86   1 CL0015   
LOC_Os03g13250.1        150    577    150    579 PF00854.25  PTR2              Family     1   390   392    393.4  1.1e-117   1 CL0015   
LOC_Os03g51050.1        122    553    122    553 PF00854.25  PTR2              Family     1   392   392    436.4  9.8e-131   1 CL0015   
LOC_Os02g47090.1        110    533    110    533 PF00854.25  PTR2              Family     1   392   392    298.5   7.8e-89   1 CL0015   
LOC_Os02g48570.1        105    522    103    531 PF00854.25  PTR2              Family     3   383   392    324.6   9.3e-97   1 CL0015   
LOC_Os02g46460.1        120    548    120    549 PF00854.25  PTR2              Family     1   391   392    292.4   5.4e-87   1 CL0015   
LOC_Os02g31980.1          3     73      1     98 PF00854.25  PTR2              Family   288   354   392     34.2   1.5e-08   1 CL0015   
LOC_Os02g52060.1        171    288    161    290 PF00854.25  PTR2              Family   229   339   392     48.3   7.4e-13   1 CL0015   
LOC_Os06g49250.1        113    533    113    533 PF00854.25  PTR2              Family     1   392   392    321.1   1.1e-95   1 CL0015   
LOC_Os06g13200.1         76    474     76    486 PF00854.25  PTR2              Family     1   383   392    237.5   2.6e-70   1 CL0015   
LOC_Os06g13210.1         84    488     84    500 PF00854.25  PTR2              Family     1   383   392    252.7   6.3e-75   1 CL0015   
LOC_Os06g21900.1        156    573    154    586 PF00854.25  PTR2              Family     3   383   392    267.6   1.8e-79   1 CL0015   
LOC_Os06g15370.1         86    526     86    534 PF00854.25  PTR2              Family     1   384   392    293.9   1.9e-87   1 CL0015   
LOC_Os06g49220.1        111    529    111    529 PF00854.25  PTR2              Family     1   392   392    305.0   7.8e-91   1 CL0015   
LOC_Os06g49240.1         21    403      2    403 PF00854.25  PTR2              Family    29   392   392    295.8     5e-88   1 CL0015   
LOC_Os06g38294.1        104    544    100    545 PF00854.25  PTR2              Family     5   391   392    342.4  3.6e-102   1 CL0015   
LOC_Os12g12934.1         92    509     92    518 PF00854.25  PTR2              Family     1   384   392    227.4     3e-67   1 CL0015   
LOC_Os12g44110.2        106    519    106    527 PF00854.25  PTR2              Family     1   383   392    278.7   7.7e-83   1 CL0015   
LOC_Os12g13790.1         73    224     44    242 PF00854.25  PTR2              Family    29   171   392     84.4   7.9e-24   1 CL0015   
LOC_Os12g13790.1        283    380    277    387 PF00854.25  PTR2              Family   278   383   392     47.4   1.5e-12   1 CL0015   
LOC_Os12g44100.1        102    522    101    529 PF00854.25  PTR2              Family     2   384   392    257.8   1.8e-76   1 CL0015   
LOC_Os12g15600.1        167    274    163    275 PF00854.25  PTR2              Family   131   239   392     29.6   3.5e-07   1 CL0015   
LOC_Os05g27304.1        107    540    103    550 PF00854.25  PTR2              Family     5   384   392    174.2   4.2e-51   1 CL0015   
LOC_Os05g35594.1         93    485     93    486 PF00854.25  PTR2              Family     1   391   392    258.0   1.6e-76   1 CL0015   
LOC_Os05g27010.1          3    408      1    417 PF00854.25  PTR2              Family    14   384   392    319.7   2.8e-95   1 CL0015   
LOC_Os05g33960.1         91    532     91    539 PF00854.25  PTR2              Family     1   384   392    292.6   4.6e-87   1 CL0015   
LOC_Os05g35650.1        116    523    116    531 PF00854.25  PTR2              Family     1   384   392    307.0     2e-91   1 CL0015   
LOC_Os05g34030.1         88    526     88    532 PF00854.25  PTR2              Family     1   384   392    275.5   7.5e-82   1 CL0015   
LOC_Os05g34010.1         93    525     93    534 PF00854.25  PTR2              Family     1   384   392    299.4     4e-89   1 CL0015   
LOC_Os05g34000.1        110    303    110    321 PF00854.25  PTR2              Family     1   177   392    134.3   5.7e-39   1 CL0015   
LOC_Os11g23890.1        172    594    162    595 PF00854.25  PTR2              Family    11   391   392    202.0   1.6e-59   1 CL0015   
LOC_Os11g12740.1        105    544    105    555 PF00854.25  PTR2              Family     1   384   392    272.0   8.6e-81   1 CL0015   
LOC_Os11g18044.1         91    522     91    523 PF00854.25  PTR2              Family     1   391   392    250.7   2.4e-74   1 CL0015   
LOC_Os11g17970.1         93    528     91    532 PF00854.25  PTR2              Family     3   388   392    258.2   1.4e-76   1 CL0015   
LOC_Os11g18110.1         41    210     39    232 PF00854.25  PTR2              Family    14   161   392    116.1   1.9e-33   1 CL0015   
LOC_Os11g18110.1        284    497    271    507 PF00854.25  PTR2              Family   180   385   392    114.9   4.4e-33   1 CL0015   
Sobic.010G133100.1.p     78    445     60    445 PF00854.25  PTR2              Family    30   392   392    243.8   3.1e-72   1 CL0015   
Sobic.010G175900.2.p    100    556     98    557 PF00854.25  PTR2              Family     3   391   392    347.9  7.4e-104   1 CL0015   
Sobic.010G127800.1.p     88    524     88    544 PF00854.25  PTR2              Family     1   385   392    283.6   2.6e-84   1 CL0015   
Sobic.010G099700.1.p     89    492     88    496 PF00854.25  PTR2              Family     2   388   392    242.5   7.9e-72   1 CL0015   
Sobic.010G166850.1.p      2    127      1    127 PF00854.25  PTR2              Family   270   392   392     48.4   7.1e-13   1 CL0015   
Sobic.010G109200.1.p     85    526     85    535 PF00854.25  PTR2              Family     1   383   392    285.7   6.1e-85   1 CL0015   
Sobic.003G371400.1.p     95    475     95    481 PF00854.25  PTR2              Family     1   385   392    218.6   1.4e-64   1 CL0015   
Sobic.003G304000.1.p     94    524     94    524 PF00854.25  PTR2              Family     1   392   392    231.4   1.8e-68   1 CL0015   
Sobic.003G371600.2.p     66    223     60    238 PF00854.25  PTR2              Family     7   150   392     94.6   6.3e-27   1 CL0015   
Sobic.003G371600.2.p    245    438    243    444 PF00854.25  PTR2              Family   202   385   392    127.1   8.8e-37   1 CL0015   
Sobic.003G399200.1.p     37    122     18    126 PF00854.25  PTR2              Family    23   108   392     36.1   3.7e-09   1 CL0015   
Sobic.003G295500.1.p    122    553    122    561 PF00854.25  PTR2              Family     1   385   392    273.8   2.4e-81   1 CL0015   
Sobic.003G304100.1.p     89    514     89    522 PF00854.25  PTR2              Family     1   383   392    231.4   1.8e-68   1 CL0015   
Sobic.003G107100.1.p    169    604    169    614 PF00854.25  PTR2              Family     1   384   392    268.7   8.8e-80   1 CL0015   
Sobic.003G371750.1.p     93    244     93    257 PF00854.25  PTR2              Family     1   137   392     86.5   1.9e-24   1 CL0015   
Sobic.003G371750.1.p    269    346    238    365 PF00854.25  PTR2              Family   190   264   392     42.2   5.5e-11   1 CL0015   
Sobic.003G185100.1.p    105    529    105    537 PF00854.25  PTR2              Family     1   383   392    330.8   1.2e-98   1 CL0015   
Sobic.003G371250.1.p     95    240     95    266 PF00854.25  PTR2              Family     1   142   392     78.1   6.5e-22   1 CL0015   
Sobic.003G371250.1.p    270    464    259    470 PF00854.25  PTR2              Family   201   385   392    107.6   7.2e-31   1 CL0015   
Sobic.003G371100.1.p    108    478    108    484 PF00854.25  PTR2              Family     1   385   392    281.6     1e-83   1 CL0015   
Sobic.003G076200.2.p     97    531     97    531 PF00854.25  PTR2              Family     1   392   392    410.9  5.6e-123   1 CL0015   
Sobic.003G371000.1.p    102    486    102    492 PF00854.25  PTR2              Family     1   385   392    278.4   9.9e-83   1 CL0015   
Sobic.003G392700.1.p     95    518     95    518 PF00854.25  PTR2              Family     1   392   392    340.2  1.6e-101   1 CL0015   
Sobic.003G372000.1.p     99    492     99    499 PF00854.25  PTR2              Family     1   384   392    277.1   2.4e-82   1 CL0015   
Sobic.003G372100.2.p    103    247    103    250 PF00854.25  PTR2              Family     1   133   392    127.4   7.1e-37   1 CL0015   
Sobic.003G372100.2.p    264    461    249    469 PF00854.25  PTR2              Family   195   385   392    141.9   2.7e-41   1 CL0015   
Sobic.009G148900.1.p    112    516    112    526 PF00854.25  PTR2              Family     1   384   392    297.0   2.2e-88   1 CL0015   
Sobic.009G136700.1.p     93    528     93    538 PF00854.25  PTR2              Family     1   383   392    288.2     1e-85   1 CL0015   
Sobic.009G136500.1.p    117    556    117    578 PF00854.25  PTR2              Family     1   384   392    297.4   1.6e-88   1 CL0015   
Sobic.009G148800.1.p    177    585    177    586 PF00854.25  PTR2              Family     1   391   392    270.6   2.3e-80   1 CL0015   
Sobic.009G136800.1.p     89    525     89    536 PF00854.25  PTR2              Family     1   383   392    285.5   6.7e-85   1 CL0015   
Sobic.009G099000.1.p    109    536    106    546 PF00854.25  PTR2              Family     4   384   392    189.2   1.2e-55   1 CL0015   
Sobic.009G049900.4.p    165    247    165    250 PF00854.25  PTR2              Family     1    63   392     54.6   9.3e-15   1 CL0015   
Sobic.009G136600.1.p     93    537     93    550 PF00854.25  PTR2              Family     1   384   392    280.2   2.8e-83   1 CL0015   
Sobic.009G101800.2.p     99    517     99    527 PF00854.25  PTR2              Family     1   384   392    321.0   1.2e-95   1 CL0015   
Sobic.009G136900.1.p     96    524     96    533 PF00854.25  PTR2              Family     1   384   392    293.7   2.2e-87   1 CL0015   
Sobic.005G090600.1.p    106    485    106    492 PF00854.25  PTR2              Family     1   385   392    256.7   3.9e-76   1 CL0015   
Sobic.005G107400.1.p     33    461     33    463 PF00854.25  PTR2              Family     1   390   392    249.0   8.5e-74   1 CL0015   
Sobic.005G110466.1.p     98    516     89    516 PF00854.25  PTR2              Family    11   392   392    182.4   1.4e-53   1 CL0015   
Sobic.005G107500.1.p     91    508     91    517 PF00854.25  PTR2              Family     1   384   392    254.7   1.5e-75   1 CL0015   
Sobic.K022800.1.p        98    516     89    516 PF00854.25  PTR2              Family    11   392   392    182.4   1.4e-53   1 CL0015   
Sobic.008G081400.1.p     90    500     90    509 PF00854.25  PTR2              Family     1   384   392    256.2   5.6e-76   1 CL0015   
Sobic.008G081200.1.p     90    502     90    505 PF00854.25  PTR2              Family     1   389   392    249.1   7.9e-74   1 CL0015   
Sobic.008G081500.1.p     91    511     90    511 PF00854.25  PTR2              Family     2   392   392    235.6   9.4e-70   1 CL0015   
Sobic.008G190200.1.p    122    525    122    531 PF00854.25  PTR2              Family     1   383   392    268.2   1.2e-79   1 CL0015   
Sobic.008G180300.1.p    112    524    112    530 PF00854.25  PTR2              Family     1   383   392    270.2     3e-80   1 CL0015   
Sobic.004G276200.1.p    124    551    124    551 PF00854.25  PTR2              Family     1   392   392    291.4   1.1e-86   1 CL0015   
Sobic.004G243200.1.p     79    476     79    484 PF00854.25  PTR2              Family     1   385   392    253.7   3.2e-75   1 CL0015   
Sobic.004G260500.1.p    104    518    103    526 PF00854.25  PTR2              Family     2   384   392    323.2   2.4e-96   1 CL0015   
Sobic.004G193000.1.p    100    521    100    527 PF00854.25  PTR2              Family     1   383   392    332.8     3e-99   1 CL0015   
Sobic.007G044300.1.p    104    541    104    542 PF00854.25  PTR2              Family     1   391   392    367.3  9.6e-110   1 CL0015   
Sobic.007G081300.1.p    100    537    100    537 PF00854.25  PTR2              Family     1   392   392    250.8   2.3e-74   1 CL0015   
Sobic.007G213200.1.p     74    480     74    487 PF00854.25  PTR2              Family     1   384   392    283.2   3.4e-84   1 CL0015   
Sobic.007G064500.1.p     91    514     90    514 PF00854.25  PTR2              Family     2   392   392    250.0   4.2e-74   1 CL0015   
Sobic.007G160900.1.p     36    471     35    471 PF00854.25  PTR2              Family     2   392   392    185.7   1.3e-54   1 CL0015   
Sobic.001G032000.1.p    141    554    141    555 PF00854.25  PTR2              Family     1   391   392    266.6   3.7e-79   1 CL0015   
Sobic.001G302800.1.p    102    529    102    537 PF00854.25  PTR2              Family     1   385   392    362.0  3.9e-108   1 CL0015   
Sobic.001G276100.1.p    112    526    112    526 PF00854.25  PTR2              Family     1   392   392    369.8  1.7e-110   1 CL0015   
Sobic.001G443900.1.p    118    547    118    547 PF00854.25  PTR2              Family     1   392   392    408.9  2.2e-122   1 CL0015   
Sobic.001G444100.1.p    121    552    121    552 PF00854.25  PTR2              Family     1   392   392    421.2  4.1e-126   1 CL0015   
Sobic.001G276600.1.p    123    535    122    535 PF00854.25  PTR2              Family     2   392   392    300.4   2.1e-89   1 CL0015   
Sobic.001G282000.1.p    140    555    140    565 PF00854.25  PTR2              Family     1   384   392    305.3   6.5e-91   1 CL0015   
Sobic.001G276700.1.p    118    538    117    539 PF00854.25  PTR2              Family     2   391   392    303.1   3.1e-90   1 CL0015   
Sobic.001G133900.1.p    118    546    115    553 PF00854.25  PTR2              Family     4   384   392    271.6   1.1e-80   1 CL0015   
Sobic.001G223100.2.p    128    563    128    563 PF00854.25  PTR2              Family     1   392   392    338.4  5.8e-101   1 CL0015   
Sobic.001G275500.2.p    114    528    114    528 PF00854.25  PTR2              Family     1   392   392    298.0   1.1e-88   1 CL0015   
Sobic.001G111150.1.p    117    548    117    548 PF00854.25  PTR2              Family     1   392   392    437.6  4.3e-131   1 CL0015   
Sobic.001G223200.1.p    100    521    100    529 PF00854.25  PTR2              Family     1   385   392    316.7   2.2e-94   1 CL0015   
Sobic.001G282100.1.p    104    525    104    525 PF00854.25  PTR2              Family     1   392   392    321.7   6.7e-96   1 CL0015   
Sobic.001G276400.1.p    112    531    112    531 PF00854.25  PTR2              Family     1   392   392    370.5    1e-110   1 CL0015   
Sobic.001G099400.1.p     90    536     90    542 PF00854.25  PTR2              Family     1   384   392    227.4   3.1e-67   1 CL0015   
Sobic.001G541900.2.p    111    548    111    548 PF00854.25  PTR2              Family     1   392   392    340.6  1.3e-101   1 CL0015   
Sobic.001G276800.1.p    176    598    175    598 PF00854.25  PTR2              Family     2   392   392    290.9   1.5e-86   1 CL0015   
Sobic.001G276300.1.p    113    533    113    533 PF00854.25  PTR2              Family     1   392   392    365.4  3.8e-109   1 CL0015   
Sobic.001G275600.2.p    113    526    113    528 PF00854.25  PTR2              Family     1   383   392    292.3   5.8e-87   1 CL0015   
Sobic.001G444000.1.p    110    526    108    526 PF00854.25  PTR2              Family     3   392   392    348.5    5e-104   1 CL0015   
Sobic.001G511000.2.p    123    550    123    559 PF00854.25  PTR2              Family     1   385   392    336.6    2e-100   1 CL0015   
Sobic.001G275800.1.p    150    560    150    569 PF00854.25  PTR2              Family     1   384   392    345.5  4.2e-103   1 CL0015   
Sobic.006G201200.1.p    104    524    104    533 PF00854.25  PTR2              Family     1   385   392    288.7   7.1e-86   1 CL0015   
Sobic.006G089300.1.p     96    526     96    527 PF00854.25  PTR2              Family     1   391   392    281.0   1.6e-83   1 CL0015   
Sobic.006G201100.1.p    117    547    117    548 PF00854.25  PTR2              Family     1   391   392    270.7   2.1e-80   1 CL0015   
Sobic.006G130700.1.p     92    482     91    490 PF00854.25  PTR2              Family     2   385   392    184.9   2.5e-54   1 CL0015   
Sobic.006G130600.2.p    106    502     90    509 PF00854.25  PTR2              Family    12   385   392    256.2   5.3e-76   1 CL0015   
Sobic.006G130400.1.p    122    535    121    535 PF00854.25  PTR2              Family     2   392   392    262.4   7.2e-78   1 CL0015   
Sobic.006G130501.1.p     91    504     90    504 PF00854.25  PTR2              Family     2   392   392    269.8   3.9e-80   1 CL0015   
Sobic.006G251200.1.p    129    566    129    572 PF00854.25  PTR2              Family     1   386   392    242.8   6.3e-72   1 CL0015   
Sobic.006G155200.1.p     91    526     90    527 PF00854.25  PTR2              Family     2   391   392    253.2   4.3e-75   1 CL0015   
Sobic.006G279700.1.p    118    283    117    297 PF00854.25  PTR2              Family     2   132   392    108.9   2.9e-31   1 CL0015   
Sobic.006G279700.1.p    313    521    300    522 PF00854.25  PTR2              Family   190   391   392    128.4   3.5e-37   1 CL0015   
Sobic.002G000800.2.p    100    534    100    534 PF00854.25  PTR2              Family     1   392   392    399.9  1.2e-119   1 CL0015   
Sobic.002G367700.1.p    110    526    110    530 PF00854.25  PTR2              Family     1   388   392    287.3   1.9e-85   1 CL0015   
Sobic.002G064800.1.p    118    568    117    569 PF00854.25  PTR2              Family     2   391   392    267.7   1.8e-79   1 CL0015   
Sobic.002G091800.1.p    133    574    132    574 PF00854.25  PTR2              Family     2   392   392    259.4   5.9e-77   1 CL0015   
